TODO 2020/07/24 22:40:04 create Report of Average number of tasks completed per day
TODO 2020/07/24 22:58:32 create Report of Count of total tasks, completed tasks, and remaining tasks
TODO 2020/07/24 22:59:37 create Report of Count of total tasks, completed tasks, and remaining tasks
TODO 2020/07/24 23:01:10 create Report of Count of total tasks, completed tasks, and remaining tasks
TODO 2020/07/24 23:01:22 create Report of Count of total tasks, completed tasks, and remaining tasks
TODO 2020/07/24 23:01:57 create Report of Count of total tasks, completed tasks, and remaining tasks
TODO 2020/07/24 23:02:03 create Report of Count of total tasks, completed tasks, and remaining tasks
TODO 2020/07/24 23:03:24 create Report of Count of total tasks, completed tasks, and remaining tasks
TODO 2020/07/24 23:04:16 create Report of Count of total tasks, completed tasks, and remaining tasks
TODO 2020/07/24 23:05:39 create Report of Count of total tasks, completed tasks, and remaining tasks
TODO 2020/07/24 23:06:05 create Report of Count of total tasks, completed tasks, and remaining tasks
TODO 2020/07/24 23:11:43 create Report of Count of total tasks, completed tasks, and remaining tasks
TODO 2020/07/24 23:12:20 create Report of maxTasksAdded
TODO 2020/07/24 23:13:05 create Report of Average number of tasks completed per day
TODO 2020/07/24 23:13:10 create Report of maxTasksAdded
TODO 2020/07/24 23:14:42 create Report of maximum number of tasks were completed in a single day
TODO 2020/07/24 23:14:58 create Report of Count of total tasks, completed tasks, and remaining tasks
TODO 2020/07/24 23:15:01 create Report of maxTasksAdded
TODO 2020/07/24 23:15:03 create Report of Average number of tasks completed per day
TODO 2020/07/24 23:15:05 create Report of maximum number of tasks were completed in a single day
TODO 2020/07/24 23:16:52 create Report of Count of total tasks, completed tasks, and remaining tasks
TODO 2020/07/24 23:17:12 create Report of Count of total tasks, completed tasks, and remaining tasks
TODO 2020/07/24 23:19:34 Update Task with ID: 3 requested
TODO 2020/07/24 23:19:46 Update Task with ID: 4 requested
TODO 2020/07/24 23:19:52 Update Task with ID: 5 requested
TODO 2020/07/24 23:20:24 create Report of Average number of tasks completed per day
TODO 2020/07/24 23:22:33 create Report of Average number of tasks completed per day
TODO 2020/07/24 23:23:01 create Report of Average number of tasks completed per day
TODO 2020/07/24 23:27:55 create Report of Average number of tasks completed per day
TODO 2020/07/24 23:29:02 create Report of Average number of tasks completed per day
TODO 2020/07/24 23:29:17 create Report of Average number of tasks completed per day
TODO 2020/07/24 23:29:23 create Report of Average number of tasks completed per day
TODO 2020/07/24 23:29:32 create Report of Average number of tasks completed per day
TODO 2020/07/24 23:31:26 Delete Task with ID: 1 requested
TODO 2020/07/24 23:32:03 Delete Task with ID: 1 requested
TODO 2020/07/24 23:32:55 Delete Task with ID: 1 requested
TODO 2020/07/24 23:34:09 Delete Task with ID: 1 requested
TODO 2020/07/24 23:34:14 Delete Task with ID: 12 requested
TODO 2020/07/24 23:34:59 Delete Task with ID: 12 requested
TODO 2020/07/24 23:35:19 Delete Task with ID: 12 requested
TODO 2020/07/24 23:35:26 Delete Task with ID: 12 requested
TODO 2020/07/24 23:35:43 Delete Task with ID: 12 requested
